d:\bar projects\colman\cpp_lab\project_o7\proj07\proj07\x64\debug\vc143.pdb
d:\bar projects\colman\cpp_lab\project_o7\proj07\proj07\x64\debug\vc143.idb
d:\bar projects\colman\cpp_lab\project_o7\proj07\proj07\x64\debug\simulator.obj
d:\bar projects\colman\cpp_lab\project_o7\proj07\proj07\x64\debug\maintrain.obj
d:\bar projects\colman\cpp_lab\project_o7\proj07\x64\debug\proj07.exe
d:\bar projects\colman\cpp_lab\project_o7\proj07\x64\debug\proj07.pdb
d:\bar projects\colman\cpp_lab\project_o7\proj07\proj07\x64\debug\proj07.ilk
c:\users\user\documents\github\colman\cpp_lab\project_o7\proj07\proj07\x64\debug\maintrain.obj
c:\users\user\documents\github\colman\cpp_lab\project_o7\proj07\proj07\x64\debug\simulator.obj
c:\users\user\documents\github\colman\cpp_lab\project_o7\proj07\proj07\x64\debug\proj07.ilk
c:\users\user\documents\github\colman\cpp_lab\project_o7\proj07\proj07\x64\debug\vc143.idb
c:\users\user\documents\github\colman\cpp_lab\project_o7\proj07\proj07\x64\debug\vc143.pdb
c:\users\user\documents\github\colman\cpp_lab\project_o7\proj07\x64\debug\proj07.pdb
c:\users\user\documents\github\colman\cpp_lab\project_o7\proj07\x64\debug\proj07.exe
c:\users\user\documents\github\colman\cpp_lab\project_o7\proj07\proj07\x64\debug\proj07.tlog\cl.command.1.tlog
c:\users\user\documents\github\colman\cpp_lab\project_o7\proj07\proj07\x64\debug\proj07.tlog\cl.items.tlog
c:\users\user\documents\github\colman\cpp_lab\project_o7\proj07\proj07\x64\debug\proj07.tlog\cl.read.1.tlog
c:\users\user\documents\github\colman\cpp_lab\project_o7\proj07\proj07\x64\debug\proj07.tlog\cl.write.1.tlog
c:\users\user\documents\github\colman\cpp_lab\project_o7\proj07\proj07\x64\debug\proj07.tlog\link.command.1.tlog
c:\users\user\documents\github\colman\cpp_lab\project_o7\proj07\proj07\x64\debug\proj07.tlog\link.read.1.tlog
c:\users\user\documents\github\colman\cpp_lab\project_o7\proj07\proj07\x64\debug\proj07.tlog\link.secondary.1.tlog
c:\users\user\documents\github\colman\cpp_lab\project_o7\proj07\proj07\x64\debug\proj07.tlog\link.write.1.tlog
