d:\bar projects\colman\cpp_lab\project_05\project_05\x64\debug\vc143.pdb
d:\bar projects\colman\cpp_lab\project_05\project_05\x64\debug\vc143.idb
d:\bar projects\colman\cpp_lab\project_05\project_05\x64\debug\playstate.obj
d:\bar projects\colman\cpp_lab\project_05\project_05\x64\debug\pausestate.obj
d:\bar projects\colman\cpp_lab\project_05\project_05\x64\debug\menustate.obj
d:\bar projects\colman\cpp_lab\project_05\project_05\x64\debug\maintrain.obj
d:\bar projects\colman\cpp_lab\project_05\project_05\x64\debug\game.obj
d:\bar projects\colman\cpp_lab\project_05\project_05\x64\debug\entityfactory.obj
d:\bar projects\colman\cpp_lab\project_05\project_05\x64\debug\project_05.ilk
d:\bar projects\colman\cpp_lab\project_05\x64\debug\project_05.pdb
d:\bar projects\colman\cpp_lab\project_05\project_05\x64\debug\project_05.tlog\cl.command.1.tlog
d:\bar projects\colman\cpp_lab\project_05\project_05\x64\debug\project_05.tlog\cl.items.tlog
d:\bar projects\colman\cpp_lab\project_05\project_05\x64\debug\project_05.tlog\cl.read.1.tlog
d:\bar projects\colman\cpp_lab\project_05\project_05\x64\debug\project_05.tlog\cl.write.1.tlog
d:\bar projects\colman\cpp_lab\project_05\project_05\x64\debug\project_05.tlog\link.30028-cvtres.read.1.tlog
d:\bar projects\colman\cpp_lab\project_05\project_05\x64\debug\project_05.tlog\link.30028-cvtres.write.1.tlog
d:\bar projects\colman\cpp_lab\project_05\project_05\x64\debug\project_05.tlog\link.30028-rc.read.1.tlog
d:\bar projects\colman\cpp_lab\project_05\project_05\x64\debug\project_05.tlog\link.30028-rc.write.1.tlog
d:\bar projects\colman\cpp_lab\project_05\project_05\x64\debug\project_05.tlog\link.30028.read.1.tlog
d:\bar projects\colman\cpp_lab\project_05\project_05\x64\debug\project_05.tlog\link.30028.read.2.tlog
d:\bar projects\colman\cpp_lab\project_05\project_05\x64\debug\project_05.tlog\link.30028.write.1.tlog
d:\bar projects\colman\cpp_lab\project_05\project_05\x64\debug\project_05.tlog\link.command.1.tlog
d:\bar projects\colman\cpp_lab\project_05\project_05\x64\debug\project_05.tlog\link.read.1.tlog
d:\bar projects\colman\cpp_lab\project_05\project_05\x64\debug\project_05.tlog\link.secondary.1.tlog
d:\bar projects\colman\cpp_lab\project_05\project_05\x64\debug\project_05.tlog\link.write.1.tlog
